This is e-pTeX, Version 3.1415926-p3.4-110825-2.6 (utf8.euc) (TeX Live 2013/Debian) (format=platex 2015.1.8)  30 APR 2015 21:05
entering extended mode
 restricted \write18 enabled.
 %&-line parsing enabled.
**/home/ry0u/StudyCoder/009/a.cpp
(/home/ry0u/StudyCoder/009/a.cpp
pLaTeX2e <2006/11/10> (based on LaTeX2e <2011/06/27> patch level 0)
Babel <3.9h> and hyphenation patterns for 13 languages loaded.
! You can't use `macro parameter character #' in vertical mode.
l.1 #
     include <iostream>
? 
! Emergency stop.
l.1 #
     include <iostream>
End of file on the terminal!

 
Here is how much of TeX's memory you used:
 6 strings out of 495088
 98 string characters out of 6181581
 49201 words of memory out of 5000000
 3457 multiletter control sequences out of 15000+600000
 7519 words of font info for 31 fonts, out of 8000000 for 9000
 102 hyphenation exceptions out of 8191
 5i,0n,1p,53b,8s stack positions out of 5000i,500n,10000p,200000b,80000s
No pages of output.
